❗ [ERROR] ۱۴۰۴/۰۲/۱۸, ۲۰:۴۱:۵۰ | Error sending email to admin@example.com: C0BB0D4FF87F0000:error:0A00010B:SSL routines:ssl3_get_record:wrong version number:../deps/openssl/openssl/ssl/record/ssl3_record.c:355:

❗ [ERROR] ۱۴۰۴/۰۲/۱۸, ۲۰:۴۱:۵۰ | Error registering user: Failed to send verification code
❗ [ERROR] ۱۴۰۴/۰۲/۱۸, ۲۰:۴۷:۴۳ | Error registering user: Email already registered
❗ [ERROR] ۱۴۰۴/۰۲/۱۸, ۲۰:۴۷:۴۳ | Error in onResponse hook: reply.getResponseTime is not a function
❗ [ERROR] ۱۴۰۴/۰۲/۱۸, ۲۰:۴۸:۰۰ | Error sending email to admin@example.com: Invalid login: 535-5.7.8 Username and Password not accepted. For more information, go to
535 5.7.8  https://support.google.com/mail/?p=BadCredentials ffacd0b85a97d-3a1f5a2cf1bsm521766f8f.72 - gsmtp
❗ [ERROR] ۱۴۰۴/۰۲/۱۸, ۲۰:۴۸:۰۰ | Error registering user: Failed to send verification code
❗ [ERROR] ۱۴۰۴/۰۲/۱۸, ۲۰:۴۸:۰۰ | Error in onResponse hook: reply.getResponseTime is not a function
❗ [ERROR] ۱۴۰۴/۰۲/۱۸, ۲۰:۴۸:۱۱ | Error sending email to admin@example.com: Invalid login: 535-5.7.8 Username and Password not accepted. For more information, go to
535 5.7.8  https://support.google.com/mail/?p=BadCredentials ffacd0b85a97d-3a1f5a4cc44sm503574f8f.85 - gsmtp
❗ [ERROR] ۱۴۰۴/۰۲/۱۸, ۲۰:۴۸:۱۱ | Error registering user: Failed to send verification code
❗ [ERROR] ۱۴۰۴/۰۲/۱۸, ۲۰:۴۸:۱۱ | Error in onResponse hook: reply.getResponseTime is not a function
❗ [ERROR] ۱۴۰۴/۰۲/۱۹, ۱۴:۳۸:۰۶ | Error sending email to admin@example.com: Invalid login: 535-5.7.8 Username and Password not accepted. For more information, go to
535 5.7.8  https://support.google.com/mail/?p=BadCredentials a640c23a62f3a-ad2192c8b8asm136098866b.5 - gsmtp
❗ [ERROR] ۱۴۰۴/۰۲/۱۹, ۱۴:۳۸:۰۶ | Error registering user: Failed to send verification code
❗ [ERROR] ۱۴۰۴/۰۲/۱۹, ۱۴:۳۸:۰۶ | Error in onResponse hook: reply.getResponseTime is not a function
❗ [ERROR] ۱۴۰۴/۰۲/۱۹, ۱۴:۳۸:۳۲ | Error sending email to ali@example.com: Invalid login: 535-5.7.8 Username and Password not accepted. For more information, go to
535 5.7.8  https://support.google.com/mail/?p=BadCredentials 4fb4d7f45d1cf-5fc9d700e6fsm1209626a12.62 - gsmtp
❗ [ERROR] ۱۴۰۴/۰۲/۱۹, ۱۴:۳۸:۳۲ | Error registering user: Failed to send verification code
❗ [ERROR] ۱۴۰۴/۰۲/۱۹, ۱۴:۳۸:۳۲ | Error in onResponse hook: reply.getResponseTime is not a function
❗ [ERROR] ۱۴۰۴/۰۲/۱۹, ۱۴:۳۹:۳۶ | Error sending email to rasool@gmail.com: Invalid login: 535-5.7.8 Username and Password not accepted. For more information, go to
535 5.7.8  https://support.google.com/mail/?p=BadCredentials a640c23a62f3a-ad2285be37dsm32697066b.13 - gsmtp
❗ [ERROR] ۱۴۰۴/۰۲/۱۹, ۱۴:۳۹:۳۶ | Error registering user: Failed to send verification code
❗ [ERROR] ۱۴۰۴/۰۲/۱۹, ۱۴:۳۹:۳۶ | Error in onResponse hook: reply.getResponseTime is not a function
❗ [ERROR] ۱۴۰۴/۰۲/۱۹, ۱۴:۴۲:۲۴ | Error in onResponse hook: reply.getResponseTime is not a function
❗ [ERROR] ۱۴۰۴/۰۲/۱۹, ۱۴:۴۲:۵۱ | Error in onResponse hook: reply.getResponseTime is not a function
❗ [ERROR] ۱۴۰۴/۰۲/۱۹, ۱۴:۴۳:۱۲ | Error in onResponse hook: reply.getResponseTime is not a function
❗ [ERROR] ۱۴۰۴/۰۲/۱۹, ۱۴:۴۴:۴۵ | Error in onResponse hook: reply.getResponseTime is not a function
❗ [ERROR] ۱۴۰۴/۰۲/۱۹, ۱۴:۴۶:۴۰ | Error in onResponse hook: reply.getResponseTime is not a function
❗ [ERROR] ۱۴۰۴/۰۲/۱۹, ۱۴:۴۶:۴۶ | Error in onResponse hook: reply.getResponseTime is not a function
❗ [ERROR] ۱۴۰۴/۰۲/۱۹, ۱۴:۴۷:۱۰ | Error in onResponse hook: reply.getResponseTime is not a function
❗ [ERROR] ۱۴۰۴/۰۲/۱۹, ۱۴:۴۸:۰۲ | Error in onResponse hook: reply.getResponseTime is not a function
❗ [ERROR] ۱۴۰۴/۰۲/۱۹, ۱۴:۴۸:۱۶ | Error sending email to user1@example.com: Invalid login: 535-5.7.8 Username and Password not accepted. For more information, go to
535 5.7.8  https://support.google.com/mail/?p=BadCredentials 4fb4d7f45d1cf-5fc9d700d6esm1222334a12.60 - gsmtp
❗ [ERROR] ۱۴۰۴/۰۲/۱۹, ۱۴:۴۸:۱۶ | Error registering user: Failed to send verification code
❗ [ERROR] ۱۴۰۴/۰۲/۱۹, ۱۴:۴۸:۱۶ | Error in onResponse hook: reply.getResponseTime is not a function
❗ [ERROR] ۱۴۰۴/۰۲/۱۹, ۱۴:۴۸:۵۰ | Error in onResponse hook: reply.getResponseTime is not a function
❗ [ERROR] ۱۴۰۴/۰۲/۱۹, ۱۵:۰۰:۰۲ | Error sending email to superadmin@gmail.com: Invalid login: 535-5.7.8 Username and Password not accepted. For more information, go to
535 5.7.8  https://support.google.com/mail/?p=BadCredentials 4fb4d7f45d1cf-5fc9d700e56sm1237139a12.57 - gsmtp
❗ [ERROR] ۱۴۰۴/۰۲/۱۹, ۱۵:۰۰:۰۲ | Error in onResponse hook: reply.getResponseTime is not a function
❗ [ERROR] ۱۴۰۴/۰۲/۱۹, ۱۵:۰۰:۴۰ | Error in onResponse hook: reply.getResponseTime is not a function
❗ [ERROR] ۱۴۰۴/۰۲/۱۹, ۱۵:۰۱:۱۱ | Error sending email to ali2006@gmail.com: Invalid login: 535-5.7.8 Username and Password not accepted. For more information, go to
535 5.7.8  https://support.google.com/mail/?p=BadCredentials a640c23a62f3a-ad2197bd525sm137241666b.144 - gsmtp
❗ [ERROR] ۱۴۰۴/۰۲/۱۹, ۱۵:۰۱:۱۱ | Error in onResponse hook: reply.getResponseTime is not a function
❗ [ERROR] ۱۴۰۴/۰۲/۱۹, ۱۵:۰۲:۲۳ | Error in onResponse hook: reply.getResponseTime is not a function
❗ [ERROR] ۱۴۰۴/۰۲/۱۹, ۱۵:۰۲:۵۹ | Error sending email to superadmin@gmail.com: Invalid login: 535-5.7.8 Username and Password not accepted. For more information, go to
535 5.7.8  https://support.google.com/mail/?p=BadCredentials a640c23a62f3a-ad2197be6d7sm135082466b.157 - gsmtp
❗ [ERROR] ۱۴۰۴/۰۲/۱۹, ۱۵:۰۲:۵۹ | Error in onResponse hook: reply.getResponseTime is not a function
❗ [ERROR] ۱۴۰۴/۰۲/۱۹, ۱۵:۰۳:۲۶ | Error in onResponse hook: reply.getResponseTime is not a function
❗ [ERROR] ۱۴۰۴/۰۲/۱۹, ۱۵:۰۶:۳۷ | Error in onResponse hook: reply.getResponseTime is not a function
❗ [ERROR] ۱۴۰۴/۰۲/۱۹, ۱۵:۰۹:۱۸ | Error in onResponse hook: reply.getResponseTime is not a function
❗ [ERROR] ۱۴۰۴/۰۲/۱۹, ۱۵:۱۱:۰۴ | Error sending email to superadmin@gmail.com: Invalid login: 535-5.7.8 Username and Password not accepted. For more information, go to
535 5.7.8  https://support.google.com/mail/?p=BadCredentials a640c23a62f3a-ad2197bd2c0sm136495166b.130 - gsmtp
❗ [ERROR] ۱۴۰۴/۰۲/۱۹, ۱۵:۱۱:۰۴ | Error in onResponse hook: reply.getResponseTime is not a function
❗ [ERROR] ۱۴۰۴/۰۲/۱۹, ۱۵:۱۱:۳۵ | Error in onResponse hook: reply.getResponseTime is not a function
❗ [ERROR] ۱۴۰۴/۰۲/۱۹, ۱۵:۱۴:۳۲ | Error in onResponse hook: reply.getResponseTime is not a function
❗ [ERROR] ۱۴۰۴/۰۲/۱۹, ۱۵:۱۷:۵۶ | Error sending email to superadmin@gmail.com: Invalid login: 535-5.7.8 Username and Password not accepted. For more information, go to
535 5.7.8  https://support.google.com/mail/?p=BadCredentials a640c23a62f3a-ad22c563e34sm6362766b.137 - gsmtp
❗ [ERROR] ۱۴۰۴/۰۲/۱۹, ۱۵:۱۷:۵۶ | Error in onResponse hook: reply.getResponseTime is not a function
❗ [ERROR] ۱۴۰۴/۰۲/۱۹, ۱۵:۱۸:۲۱ | Error in onResponse hook: reply.getResponseTime is not a function
❗ [ERROR] ۱۴۰۴/۰۲/۱۹, ۱۵:۱۹:۰۸ | Error in onResponse hook: reply.getResponseTime is not a function
❗ [ERROR] ۱۴۰۴/۰۲/۱۹, ۱۵:۲۰:۴۵ | Auth middleware error: invalid signature
❗ [ERROR] ۱۴۰۴/۰۲/۱۹, ۱۵:۲۰:۴۵ | Error in onResponse hook: reply.getResponseTime is not a function
❗ [ERROR] ۱۴۰۴/۰۲/۱۹, ۱۵:۲۱:۰۵ | Error sending email to superadmin@gmail.com: Invalid login: 535-5.7.8 Username and Password not accepted. For more information, go to
535 5.7.8  https://support.google.com/mail/?p=BadCredentials a640c23a62f3a-ad2192c9bc0sm138634466b.30 - gsmtp
❗ [ERROR] ۱۴۰۴/۰۲/۱۹, ۱۵:۲۱:۰۵ | Error in onResponse hook: reply.getResponseTime is not a function
❗ [ERROR] ۱۴۰۴/۰۲/۱۹, ۱۵:۲۱:۳۷ | Error in onResponse hook: reply.getResponseTime is not a function
❗ [ERROR] ۱۴۰۴/۰۲/۱۹, ۱۵:۲۱:۵۷ | Error in onResponse hook: reply.getResponseTime is not a function
❗ [ERROR] ۱۴۰۴/۰۲/۱۹, ۱۵:۲۴:۴۰ | Error in onResponse hook: reply.getResponseTime is not a function
❗ [ERROR] ۱۴۰۴/۰۲/۱۹, ۱۵:۲۴:۵۷ | Error in onResponse hook: reply.getResponseTime is not a function
❗ [ERROR] ۱۴۰۴/۰۲/۱۹, ۱۵:۲۵:۲۸ | Error in onResponse hook: reply.getResponseTime is not a function
❗ [ERROR] ۱۴۰۴/۰۲/۱۹, ۱۵:۲۵:۵۱ | Error in onResponse hook: reply.getResponseTime is not a function
❗ [ERROR] ۱۴۰۴/۰۲/۱۹, ۱۵:۲۸:۱۷ | Error in onResponse hook: reply.getResponseTime is not a function
❗ [ERROR] ۱۴۰۴/۰۲/۱۹, ۱۵:۵۵:۵۰ | Error in onResponse hook: reply.getResponseTime is not a function
❗ [ERROR] ۱۴۰۴/۰۲/۱۹, ۱۵:۵۶:۱۴ | Error in onResponse hook: reply.getResponseTime is not a function
❗ [ERROR] ۱۴۰۴/۰۲/۱۹, ۱۵:۵۶:۳۳ | Error in onResponse hook: reply.getResponseTime is not a function
❗ [ERROR] ۱۴۰۴/۰۲/۱۹, ۱۵:۵۶:۳۴ | Error in onResponse hook: reply.getResponseTime is not a function
❗ [ERROR] ۱۴۰۴/۰۲/۱۹, ۲۰:۲۴:۳۳ | Error in onResponse hook: reply.getResponseTime is not a function
❗ [ERROR] ۱۴۰۴/۰۲/۱۹, ۲۰:۲۴:۳۳ | Error in onResponse hook: reply.getResponseTime is not a function
❗ [ERROR] ۱۴۰۴/۰۲/۱۹, ۲۰:۲۸:۰۵ | Error in onResponse hook: reply.getResponseTime is not a function
❗ [ERROR] ۱۴۰۴/۰۲/۱۹, ۲۰:۲۸:۴۷ | Error in onResponse hook: reply.getResponseTime is not a function
❗ [ERROR] ۱۴۰۴/۰۲/۱۹, ۲۰:۲۸:۴۷ | Error in onResponse hook: reply.getResponseTime is not a function
❗ [ERROR] ۱۴۰۴/۰۲/۱۹, ۲۰:۲۸:۵۸ | Error in onResponse hook: reply.getResponseTime is not a function
❗ [ERROR] ۱۴۰۴/۰۲/۱۹, ۲۰:۲۸:۵۸ | Error in onResponse hook: reply.getResponseTime is not a function
❗ [ERROR] ۱۴۰۴/۰۲/۱۹, ۲۰:۲۹:۰۱ | Error in onResponse hook: reply.getResponseTime is not a function
❗ [ERROR] ۱۴۰۴/۰۲/۱۹, ۲۰:۲۹:۰۲ | Error in onResponse hook: reply.getResponseTime is not a function
❗ [ERROR] ۱۴۰۴/۰۲/۱۹, ۲۰:۲۹:۱۱ | Error in onResponse hook: reply.getResponseTime is not a function
❗ [ERROR] ۱۴۰۴/۰۲/۱۹, ۲۰:۳۱:۳۳ | Error in onResponse hook: reply.getResponseTime is not a function
❗ [ERROR] ۱۴۰۴/۰۲/۱۹, ۲۰:۳۱:۳۳ | Error in onResponse hook: reply.getResponseTime is not a function
❗ [ERROR] ۱۴۰۴/۰۲/۱۹, ۲۰:۳۱:۳۴ | Error in onResponse hook: reply.getResponseTime is not a function
❗ [ERROR] ۱۴۰۴/۰۲/۱۹, ۲۰:۳۱:۳۴ | Error in onResponse hook: reply.getResponseTime is not a function
❗ [ERROR] ۱۴۰۴/۰۲/۱۹, ۲۰:۳۱:۳۶ | Error in onResponse hook: reply.getResponseTime is not a function
❗ [ERROR] ۱۴۰۴/۰۲/۱۹, ۲۰:۳۱:۳۷ | Error in onResponse hook: reply.getResponseTime is not a function
❗ [ERROR] ۱۴۰۴/۰۲/۱۹, ۲۰:۳۱:۳۷ | Error in onResponse hook: reply.getResponseTime is not a function
❗ [ERROR] ۱۴۰۴/۰۲/۱۹, ۲۰:۳۳:۱۰ | Error in onResponse hook: reply.getResponseTime is not a function
❗ [ERROR] ۱۴۰۴/۰۲/۱۹, ۲۰:۳۳:۱۰ | Error in onResponse hook: reply.getResponseTime is not a function
❗ [ERROR] ۱۴۰۴/۰۲/۱۹, ۲۰:۳۳:۱۱ | Error in onResponse hook: reply.getResponseTime is not a function
❗ [ERROR] ۱۴۰۴/۰۲/۱۹, ۲۰:۳۳:۱۱ | Error in onResponse hook: reply.getResponseTime is not a function
❗ [ERROR] ۱۴۰۴/۰۲/۱۹, ۲۰:۳۳:۱۱ | Error in onResponse hook: reply.getResponseTime is not a function
❗ [ERROR] ۱۴۰۴/۰۲/۱۹, ۲۰:۳۳:۱۲ | Error in onResponse hook: reply.getResponseTime is not a function
❗ [ERROR] ۱۴۰۴/۰۲/۱۹, ۲۰:۳۳:۱۲ | Error in onResponse hook: reply.getResponseTime is not a function
❗ [ERROR] ۱۴۰۴/۰۲/۱۹, ۲۰:۳۳:۱۳ | Error in onResponse hook: reply.getResponseTime is not a function
❗ [ERROR] ۱۴۰۴/۰۲/۱۹, ۲۰:۳۳:۱۳ | Error in onResponse hook: reply.getResponseTime is not a function
❗ [ERROR] ۱۴۰۴/۰۲/۱۹, ۲۰:۳۳:۱۳ | Error in onResponse hook: reply.getResponseTime is not a function
❗ [ERROR] ۱۴۰۴/۰۲/۱۹, ۲۰:۳۳:۱۳ | Error in onResponse hook: reply.getResponseTime is not a function
❗ [ERROR] ۱۴۰۴/۰۲/۱۹, ۲۰:۳۳:۱۳ | Error in onResponse hook: reply.getResponseTime is not a function
❗ [ERROR] ۱۴۰۴/۰۲/۱۹, ۲۰:۳۳:۱۳ | Error in onResponse hook: reply.getResponseTime is not a function
❗ [ERROR] ۱۴۰۴/۰۲/۱۹, ۲۰:۳۳:۲۲ | Error in onResponse hook: reply.getResponseTime is not a function
❗ [ERROR] ۱۴۰۴/۰۲/۱۹, ۲۰:۳۳:۲۲ | Error in onResponse hook: reply.getResponseTime is not a function
❗ [ERROR] ۱۴۰۴/۰۲/۱۹, ۲۰:۳۳:۲۸ | Error in onResponse hook: reply.getResponseTime is not a function
❗ [ERROR] ۱۴۰۴/۰۲/۱۹, ۲۰:۳۳:۲۸ | Error in onResponse hook: reply.getResponseTime is not a function
❗ [ERROR] ۱۴۰۴/۰۲/۱۹, ۲۰:۳۴:۱۷ | Error in onResponse hook: reply.getResponseTime is not a function
❗ [ERROR] ۱۴۰۴/۰۲/۱۹, ۲۰:۳۴:۱۷ | Error in onResponse hook: reply.getResponseTime is not a function
❗ [ERROR] ۱۴۰۴/۰۲/۱۹, ۲۰:۳۴:۱۸ | Error in onResponse hook: reply.getResponseTime is not a function
❗ [ERROR] ۱۴۰۴/۰۲/۱۹, ۲۰:۳۴:۱۸ | Error in onResponse hook: reply.getResponseTime is not a function
❗ [ERROR] ۱۴۰۴/۰۲/۱۹, ۲۰:۳۴:۱۸ | Error in onResponse hook: reply.getResponseTime is not a function
❗ [ERROR] ۱۴۰۴/۰۲/۱۹, ۲۰:۳۴:۱۸ | Error in onResponse hook: reply.getResponseTime is not a function
❗ [ERROR] ۱۴۰۴/۰۲/۱۹, ۲۰:۳۴:۲۰ | Error in onResponse hook: reply.getResponseTime is not a function
❗ [ERROR] ۱۴۰۴/۰۲/۱۹, ۲۰:۳۴:۲۱ | Error in onResponse hook: reply.getResponseTime is not a function
❗ [ERROR] ۱۴۰۴/۰۲/۱۹, ۲۰:۳۴:۲۱ | Error in onResponse hook: reply.getResponseTime is not a function
❗ [ERROR] ۱۴۰۴/۰۲/۱۹, ۲۰:۳۴:۲۱ | Error in onResponse hook: reply.getResponseTime is not a function
❗ [ERROR] ۱۴۰۴/۰۲/۱۹, ۲۰:۳۴:۲۱ | Error in onResponse hook: reply.getResponseTime is not a function
❗ [ERROR] ۱۴۰۴/۰۲/۱۹, ۲۰:۳۴:۲۲ | Error in onResponse hook: reply.getResponseTime is not a function
❗ [ERROR] ۱۴۰۴/۰۲/۱۹, ۲۰:۳۴:۲۳ | Error in onResponse hook: reply.getResponseTime is not a function
❗ [ERROR] ۱۴۰۴/۰۲/۱۹, ۲۰:۳۴:۲۳ | Error in onResponse hook: reply.getResponseTime is not a function
❗ [ERROR] ۱۴۰۴/۰۲/۱۹, ۲۰:۳۴:۳۰ | Error in onResponse hook: reply.getResponseTime is not a function
❗ [ERROR] ۱۴۰۴/۰۲/۱۹, ۲۰:۳۶:۴۷ | Error in onResponse hook: reply.getResponseTime is not a function
❗ [ERROR] ۱۴۰۴/۰۲/۱۹, ۲۰:۳۶:۴۷ | Error in onResponse hook: reply.getResponseTime is not a function
❗ [ERROR] ۱۴۰۴/۰۲/۱۹, ۲۰:۳۶:۵۲ | Error in onResponse hook: reply.getResponseTime is not a function
❗ [ERROR] ۱۴۰۴/۰۲/۱۹, ۲۰:۳۶:۵۳ | Error in onResponse hook: reply.getResponseTime is not a function
❗ [ERROR] ۱۴۰۴/۰۲/۱۹, ۲۰:۳۶:۵۳ | Error in onResponse hook: reply.getResponseTime is not a function
❗ [ERROR] ۱۴۰۴/۰۲/۱۹, ۲۰:۳۶:۵۴ | Error in onResponse hook: reply.getResponseTime is not a function
❗ [ERROR] ۱۴۰۴/۰۲/۱۹, ۲۰:۳۶:۵۴ | Error in onResponse hook: reply.getResponseTime is not a function
❗ [ERROR] ۱۴۰۴/۰۲/۱۹, ۲۰:۳۶:۵۴ | Error in onResponse hook: reply.getResponseTime is not a function
❗ [ERROR] ۱۴۰۴/۰۲/۱۹, ۲۰:۳۶:۵۴ | Error in onResponse hook: reply.getResponseTime is not a function
❗ [ERROR] ۱۴۰۴/۰۲/۱۹, ۲۰:۳۶:۵۵ | Error in onResponse hook: reply.getResponseTime is not a function
❗ [ERROR] ۱۴۰۴/۰۲/۱۹, ۲۰:۳۶:۵۶ | Error in onResponse hook: reply.getResponseTime is not a function
❗ [ERROR] ۱۴۰۴/۰۲/۱۹, ۲۰:۳۶:۵۶ | Error in onResponse hook: reply.getResponseTime is not a function
❗ [ERROR] ۱۴۰۴/۰۲/۱۹, ۲۰:۳۶:۵۷ | Error in onResponse hook: reply.getResponseTime is not a function
❗ [ERROR] ۱۴۰۴/۰۲/۱۹, ۲۰:۳۶:۵۸ | Error in onResponse hook: reply.getResponseTime is not a function
❗ [ERROR] ۱۴۰۴/۰۲/۱۹, ۲۰:۳۶:۵۸ | Error in onResponse hook: reply.getResponseTime is not a function
❗ [ERROR] ۱۴۰۴/۰۲/۱۹, ۲۰:۳۷:۳۱ | Error in onResponse hook: reply.getResponseTime is not a function
❗ [ERROR] ۱۴۰۴/۰۲/۱۹, ۲۰:۳۷:۳۱ | Error in onResponse hook: reply.getResponseTime is not a function
❗ [ERROR] ۱۴۰۴/۰۲/۱۹, ۲۰:۳۷:۴۶ | Error in onResponse hook: reply.getResponseTime is not a function
❗ [ERROR] ۱۴۰۴/۰۲/۱۹, ۲۰:۳۷:۴۶ | Error in onResponse hook: reply.getResponseTime is not a function
❗ [ERROR] ۱۴۰۴/۰۲/۱۹, ۲۰:۳۷:۴۸ | Error in onResponse hook: reply.getResponseTime is not a function
❗ [ERROR] ۱۴۰۴/۰۲/۱۹, ۲۰:۳۷:۴۹ | Error in onResponse hook: reply.getResponseTime is not a function
❗ [ERROR] ۱۴۰۴/۰۲/۱۹, ۲۰:۳۷:۵۰ | Error in onResponse hook: reply.getResponseTime is not a function
❗ [ERROR] ۱۴۰۴/۰۲/۱۹, ۲۰:۳۷:۵۰ | Error in onResponse hook: reply.getResponseTime is not a function
❗ [ERROR] ۱۴۰۴/۰۲/۱۹, ۲۰:۳۷:۵۲ | Error in onResponse hook: reply.getResponseTime is not a function
❗ [ERROR] ۱۴۰۴/۰۲/۱۹, ۲۰:۳۷:۵۲ | Error in onResponse hook: reply.getResponseTime is not a function
❗ [ERROR] ۱۴۰۴/۰۲/۱۹, ۲۰:۳۷:۵۴ | Error in onResponse hook: reply.getResponseTime is not a function
❗ [ERROR] ۱۴۰۴/۰۲/۱۹, ۲۰:۳۷:۵۴ | Error in onResponse hook: reply.getResponseTime is not a function
❗ [ERROR] ۱۴۰۴/۰۲/۱۹, ۲۰:۳۹:۵۲ | Error in onResponse hook: reply.getResponseTime is not a function
❗ [ERROR] ۱۴۰۴/۰۲/۱۹, ۲۰:۳۹:۵۲ | Error in onResponse hook: reply.getResponseTime is not a function
❗ [ERROR] ۱۴۰۴/۰۲/۱۹, ۲۰:۳۹:۵۸ | Error in onResponse hook: reply.getResponseTime is not a function
❗ [ERROR] ۱۴۰۴/۰۲/۱۹, ۲۰:۴۰:۰۰ | Error in onResponse hook: reply.getResponseTime is not a function
❗ [ERROR] ۱۴۰۴/۰۲/۱۹, ۲۰:۴۰:۰۰ | Error in onResponse hook: reply.getResponseTime is not a function
❗ [ERROR] ۱۴۰۴/۰۲/۱۹, ۲۰:۴۰:۰۲ | Error in onResponse hook: reply.getResponseTime is not a function
❗ [ERROR] ۱۴۰۴/۰۲/۱۹, ۲۰:۴۰:۰۲ | Error in onResponse hook: reply.getResponseTime is not a function
❗ [ERROR] ۱۴۰۴/۰۲/۱۹, ۲۰:۴۰:۱۴ | Error in onResponse hook: reply.getResponseTime is not a function
❗ [ERROR] ۱۴۰۴/۰۲/۱۹, ۲۰:۴۰:۱۴ | Error in onResponse hook: reply.getResponseTime is not a function
❗ [ERROR] ۱۴۰۴/۰۲/۱۹, ۲۰:۴۰:۱۷ | Error in onResponse hook: reply.getResponseTime is not a function
❗ [ERROR] ۱۴۰۴/۰۲/۱۹, ۲۰:۴۰:۱۷ | Error in onResponse hook: reply.getResponseTime is not a function
❗ [ERROR] ۱۴۰۴/۰۲/۱۹, ۲۰:۴۰:۱۷ | Error in onResponse hook: reply.getResponseTime is not a function
❗ [ERROR] ۱۴۰۴/۰۲/۱۹, ۲۰:۴۰:۱۷ | Error in onResponse hook: reply.getResponseTime is not a function
❗ [ERROR] ۱۴۰۴/۰۲/۱۹, ۲۰:۴۳:۲۱ | Error in onResponse hook: reply.getResponseTime is not a function
❗ [ERROR] ۱۴۰۴/۰۲/۱۹, ۲۰:۴۳:۲۱ | Error in onResponse hook: reply.getResponseTime is not a function
❗ [ERROR] ۱۴۰۴/۰۲/۱۹, ۲۰:۴۳:۳۲ | Error in onResponse hook: reply.getResponseTime is not a function
❗ [ERROR] ۱۴۰۴/۰۲/۱۹, ۲۰:۴۳:۳۲ | Error in onResponse hook: reply.getResponseTime is not a function
❗ [ERROR] ۱۴۰۴/۰۲/۱۹, ۲۰:۴۳:۳۸ | Error in onResponse hook: reply.getResponseTime is not a function
❗ [ERROR] ۱۴۰۴/۰۲/۱۹, ۲۰:۴۳:۳۸ | Error in onResponse hook: reply.getResponseTime is not a function
❗ [ERROR] ۱۴۰۴/۰۲/۱۹, ۲۰:۴۶:۲۸ | Error in onResponse hook: reply.getResponseTime is not a function
❗ [ERROR] ۱۴۰۴/۰۲/۱۹, ۲۰:۴۶:۲۸ | Error in onResponse hook: reply.getResponseTime is not a function
❗ [ERROR] ۱۴۰۴/۰۲/۱۹, ۲۰:۴۶:۲۹ | Error in onResponse hook: reply.getResponseTime is not a function
❗ [ERROR] ۱۴۰۴/۰۲/۱۹, ۲۰:۴۶:۲۹ | Error in onResponse hook: reply.getResponseTime is not a function
❗ [ERROR] ۱۴۰۴/۰۲/۱۹, ۲۰:۴۶:۲۹ | Error in onResponse hook: reply.getResponseTime is not a function
❗ [ERROR] ۱۴۰۴/۰۲/۱۹, ۲۰:۴۶:۲۹ | Error in onResponse hook: reply.getResponseTime is not a function
❗ [ERROR] ۱۴۰۴/۰۲/۱۹, ۲۰:۴۶:۲۹ | Error in onResponse hook: reply.getResponseTime is not a function
❗ [ERROR] ۱۴۰۴/۰۲/۱۹, ۲۰:۴۶:۲۹ | Error in onResponse hook: reply.getResponseTime is not a function
❗ [ERROR] ۱۴۰۴/۰۲/۱۹, ۲۰:۴۶:۲۹ | Error in onResponse hook: reply.getResponseTime is not a function
❗ [ERROR] ۱۴۰۴/۰۲/۱۹, ۲۰:۴۶:۲۹ | Error in onResponse hook: reply.getResponseTime is not a function
❗ [ERROR] ۱۴۰۴/۰۲/۱۹, ۲۰:۴۶:۲۹ | Error in onResponse hook: reply.getResponseTime is not a function
❗ [ERROR] ۱۴۰۴/۰۲/۱۹, ۲۰:۴۶:۲۹ | Error in onResponse hook: reply.getResponseTime is not a function
❗ [ERROR] ۱۴۰۴/۰۲/۱۹, ۲۰:۴۶:۳۰ | Error in onResponse hook: reply.getResponseTime is not a function
❗ [ERROR] ۱۴۰۴/۰۲/۱۹, ۲۰:۴۶:۳۰ | Error in onResponse hook: reply.getResponseTime is not a function
❗ [ERROR] ۱۴۰۴/۰۲/۱۹, ۲۰:۴۷:۱۶ | Error in onResponse hook: reply.getResponseTime is not a function
❗ [ERROR] ۱۴۰۴/۰۲/۱۹, ۲۰:۴۷:۱۶ | Error in onResponse hook: reply.getResponseTime is not a function
❗ [ERROR] ۱۴۰۴/۰۲/۱۹, ۲۰:۴۷:۱۷ | Error in onResponse hook: reply.getResponseTime is not a function
❗ [ERROR] ۱۴۰۴/۰۲/۱۹, ۲۰:۴۷:۱۷ | Error in onResponse hook: reply.getResponseTime is not a function
❗ [ERROR] ۱۴۰۴/۰۲/۱۹, ۲۰:۴۷:۱۷ | Error in onResponse hook: reply.getResponseTime is not a function
❗ [ERROR] ۱۴۰۴/۰۲/۱۹, ۲۰:۴۷:۱۷ | Error in onResponse hook: reply.getResponseTime is not a function
❗ [ERROR] ۱۴۰۴/۰۲/۱۹, ۲۱:۰۵:۱۱ | Error sending email to superadmin@gmail.com: Invalid login: 535-5.7.8 Username and Password not accepted. For more information, go to
535 5.7.8  https://support.google.com/mail/?p=BadCredentials a640c23a62f3a-ad236cb21a2sm2763766b.159 - gsmtp
❗ [ERROR] ۱۴۰۴/۰۲/۱۹, ۲۱:۰۵:۱۱ | Error in onResponse hook: reply.getResponseTime is not a function
❗ [ERROR] ۱۴۰۴/۰۲/۱۹, ۲۱:۰۵:۴۲ | Error in onResponse hook: reply.getResponseTime is not a function
❗ [ERROR] ۱۴۰۴/۰۲/۱۹, ۲۱:۰۶:۰۰ | Error sending email to ali@gmail.com: Invalid login: 535-5.7.8 Username and Password not accepted. For more information, go to
535 5.7.8  https://support.google.com/mail/?p=BadCredentials 4fb4d7f45d1cf-5fc9cc5134fsm1701075a12.46 - gsmtp
❗ [ERROR] ۱۴۰۴/۰۲/۱۹, ۲۱:۰۶:۰۰ | Error in onResponse hook: reply.getResponseTime is not a function
❗ [ERROR] ۱۴۰۴/۰۲/۱۹, ۲۱:۰۷:۰۵ | Error sending email to ali@gmail.com: Invalid login: 535-5.7.8 Username and Password not accepted. For more information, go to
535 5.7.8  https://support.google.com/mail/?p=BadCredentials 4fb4d7f45d1cf-5fc9cbe5133sm1634295a12.11 - gsmtp
❗ [ERROR] ۱۴۰۴/۰۲/۱۹, ۲۱:۰۷:۰۵ | Error in onResponse hook: reply.getResponseTime is not a function
❗ [ERROR] ۱۴۰۴/۰۲/۱۹, ۲۱:۰۸:۴۳ | Error sending email to ali@gmail.com: Invalid login: 535-5.7.8 Username and Password not accepted. For more information, go to
535 5.7.8  https://support.google.com/mail/?p=BadCredentials a640c23a62f3a-ad2197463e2sm179692966b.108 - gsmtp
❗ [ERROR] ۱۴۰۴/۰۲/۱۹, ۲۱:۰۸:۴۳ | Error in onResponse hook: reply.getResponseTime is not a function
❗ [ERROR] ۱۴۰۴/۰۲/۱۹, ۲۱:۱۱:۳۴ | Error sending email to ali@gmail.com: Invalid login: 535-5.7.8 Username and Password not accepted. For more information, go to
535 5.7.8  https://support.google.com/mail/?p=BadCredentials a640c23a62f3a-ad2192c8bacsm181327166b.6 - gsmtp
❗ [ERROR] ۱۴۰۴/۰۲/۱۹, ۲۱:۱۱:۳۴ | Error in onResponse hook: reply.getResponseTime is not a function
❗ [ERROR] ۱۴۰۴/۰۲/۱۹, ۲۱:۱۷:۵۷ | Error in auth: User validation failed: featureAccess.0.feature: `HOME` is not a valid enum value for path `feature`.
❗ [ERROR] ۱۴۰۴/۰۲/۱۹, ۲۱:۱۷:۵۷ | Error in auth: User validation failed: featureAccess.0.feature: `HOME` is not a valid enum value for path `feature`.
❗ [ERROR] ۱۴۰۴/۰۲/۱۹, ۲۱:۱۷:۵۷ | Error in onResponse hook: reply.getResponseTime is not a function
❗ [ERROR] ۱۴۰۴/۰۲/۱۹, ۲۱:۱۸:۰۴ | Error in auth: User validation failed: featureAccess.0.feature: `HOME` is not a valid enum value for path `feature`.
❗ [ERROR] ۱۴۰۴/۰۲/۱۹, ۲۱:۱۸:۰۴ | Error in auth: User validation failed: featureAccess.0.feature: `HOME` is not a valid enum value for path `feature`.
❗ [ERROR] ۱۴۰۴/۰۲/۱۹, ۲۱:۱۸:۰۴ | Error in onResponse hook: reply.getResponseTime is not a function
❗ [ERROR] ۱۴۰۴/۰۲/۱۹, ۲۱:۱۸:۲۲ | Error in auth: User validation failed: featureAccess.0.feature: `HOME` is not a valid enum value for path `feature`.
❗ [ERROR] ۱۴۰۴/۰۲/۱۹, ۲۱:۱۸:۲۲ | Error in auth: User validation failed: featureAccess.0.feature: `HOME` is not a valid enum value for path `feature`.
❗ [ERROR] ۱۴۰۴/۰۲/۱۹, ۲۱:۱۸:۲۲ | Error in onResponse hook: reply.getResponseTime is not a function
❗ [ERROR] ۱۴۰۴/۰۲/۱۹, ۲۱:۱۸:۲۳ | Error in auth: User validation failed: featureAccess.0.feature: `HOME` is not a valid enum value for path `feature`.
❗ [ERROR] ۱۴۰۴/۰۲/۱۹, ۲۱:۱۸:۲۳ | Error in auth: User validation failed: featureAccess.0.feature: `HOME` is not a valid enum value for path `feature`.
❗ [ERROR] ۱۴۰۴/۰۲/۱۹, ۲۱:۱۸:۲۳ | Error in onResponse hook: reply.getResponseTime is not a function
❗ [ERROR] ۱۴۰۴/۰۲/۱۹, ۲۱:۱۸:۲۳ | Error in auth: User validation failed: featureAccess.0.feature: `HOME` is not a valid enum value for path `feature`.
❗ [ERROR] ۱۴۰۴/۰۲/۱۹, ۲۱:۱۸:۲۳ | Error in auth: User validation failed: featureAccess.0.feature: `HOME` is not a valid enum value for path `feature`.
❗ [ERROR] ۱۴۰۴/۰۲/۱۹, ۲۱:۱۸:۲۳ | Error in onResponse hook: reply.getResponseTime is not a function
❗ [ERROR] ۱۴۰۴/۰۲/۱۹, ۲۱:۲۳:۲۱ | Error sending email to superadmin@gmail.com: Invalid login: 535-5.7.8 Username and Password not accepted. For more information, go to
535 5.7.8  https://support.google.com/mail/?p=BadCredentials 4fb4d7f45d1cf-5fc9cc4f865sm1651009a12.35 - gsmtp
❗ [ERROR] ۱۴۰۴/۰۲/۱۹, ۲۱:۲۳:۲۱ | Error in onResponse hook: reply.getResponseTime is not a function
❗ [ERROR] ۱۴۰۴/۰۲/۱۹, ۲۱:۲۳:۵۹ | Error in onResponse hook: reply.getResponseTime is not a function
❗ [ERROR] ۱۴۰۴/۰۲/۱۹, ۲۱:۲۴:۴۳ | Error sending email to user1@gmail.com: Invalid login: 535-5.7.8 Username and Password not accepted. For more information, go to
535 5.7.8  https://support.google.com/mail/?p=BadCredentials a640c23a62f3a-ad219853438sm179896666b.162 - gsmtp
❗ [ERROR] ۱۴۰۴/۰۲/۱۹, ۲۱:۲۴:۴۳ | Error in onResponse hook: reply.getResponseTime is not a function
❗ [ERROR] ۱۴۰۴/۰۲/۱۹, ۲۱:۲۵:۲۳ | Error in onResponse hook: reply.getResponseTime is not a function
❗ [ERROR] ۱۴۰۴/۰۲/۱۹, ۲۱:۲۵:۴۴ | Error unbanning user: User is not banned
❗ [ERROR] ۱۴۰۴/۰۲/۱۹, ۲۱:۲۵:۴۴ | Error in onResponse hook: reply.getResponseTime is not a function
❗ [ERROR] ۱۴۰۴/۰۲/۱۹, ۲۱:۲۶:۰۷ | Error in onResponse hook: reply.getResponseTime is not a function
❗ [ERROR] ۱۴۰۴/۰۲/۱۹, ۲۱:۲۶:۱۵ | Error in onResponse hook: reply.getResponseTime is not a function
❗ [ERROR] ۱۴۰۴/۰۲/۱۹, ۲۱:۳۶:۵۴ | Error in onResponse hook: reply.getResponseTime is not a function
❗ [ERROR] ۱۴۰۴/۰۲/۱۹, ۲۱:۳۷:۵۶ | Error in onResponse hook: reply.getResponseTime is not a function
❗ [ERROR] ۱۴۰۴/۰۲/۱۹, ۲۱:۳۸:۲۴ | Error sending email to user1@gmail.com: Invalid login: 535-5.7.8 Username and Password not accepted. For more information, go to
535 5.7.8  https://support.google.com/mail/?p=BadCredentials a640c23a62f3a-ad21985a11esm183224566b.174 - gsmtp
❗ [ERROR] ۱۴۰۴/۰۲/۱۹, ۲۱:۳۸:۲۴ | Error in onResponse hook: reply.getResponseTime is not a function
❗ [ERROR] ۱۴۰۴/۰۲/۱۹, ۲۱:۳۸:۴۲ | Error in onResponse hook: reply.getResponseTime is not a function
❗ [ERROR] ۱۴۰۴/۰۲/۱۹, ۲۱:۳۹:۰۰ | Error in onResponse hook: reply.getResponseTime is not a function
❗ [ERROR] ۱۴۰۴/۰۲/۱۹, ۲۱:۳۹:۰۸ | Error in onResponse hook: reply.getResponseTime is not a function
❗ [ERROR] ۱۴۰۴/۰۲/۱۹, ۲۱:۳۹:۳۱ | Error in onResponse hook: reply.getResponseTime is not a function
